# JRE version: OpenJDK Runtime Environment Corretto-19.0.2.7.1 (19.0.2+7) (build 19.0.2+7-FR)
# Java VM: OpenJDK 64-Bit Server VM Corretto-19.0.2.7.1 (19.0.2+7-FR, mixed mode, sharing, tiered, compressed oops, compressed class ptrs, g1 gc, windows-amd64)
GC Precious Log:
 CardTable entry size: 512
 Card Set container configuration: InlinePtr #cards 5 size 8 Array Of Cards #cards 12 size 40 Howl #buckets 4 coarsen threshold 1843 Howl Bitmap #cards 512 size 80 coarsen threshold 460 Card regions per heap region 1 cards per card region 2048
 CPUs: 4 total, 4 available
 Memory: 3643M
 Large Page Support: Disabled
 NUMA Support: Disabled
 Compressed Oops: Enabled (32-bit)
 Heap Region Size: 1M
 Heap Min Capacity: 8M
 Heap Initial Capacity: 58M
 Heap Max Capacity: 912M
 Pre-touch: Disabled
 Parallel Workers: 4
 Concurrent Workers: 1
 Concurrent Refinement Workers: 4
 Periodic GC: Disabled
Heap:
 garbage-first heap   total 48128K, used 31320K [0x00000000c7000000, 0x0000000100000000)
  region size 1024K, 15 young (15360K), 4 survivors (4096K)
 Metaspace       used 28655K, committed 28992K, reserved 1114112K
  class space    used 3942K, committed 4096K, reserved 1048576K
GC Heap History (10 events):
Event: 1.645 GC heap before
{Heap before GC invocations=0 (full 0):
 garbage-first heap   total 59392K, used 12288K [0x00000000c7000000, 0x0000000100000000)
  region size 1024K, 13 young (13312K), 0 survivors (0K)
 Metaspace       used 2741K, committed 2880K, reserved 1114112K
  class space    used 273K, committed 320K, reserved 1048576K
}
Event: 1.657 GC heap after
{Heap after GC invocations=1 (full 0):
 garbage-first heap   total 59392K, used 2628K [0x00000000c7000000, 0x0000000100000000)
  region size 1024K, 2 young (2048K), 2 survivors (2048K)
 Metaspace       used 2741K, committed 2880K, reserved 1114112K
  class space    used 273K, committed 320K, reserved 1048576K
}
Event: 2.396 GC heap before
{Heap before GC invocations=1 (full 0):
 garbage-first heap   total 59392K, used 19012K [0x00000000c7000000, 0x0000000100000000)
  region size 1024K, 19 young (19456K), 2 survivors (2048K)
 Metaspace       used 8745K, committed 9024K, reserved 1114112K
  class space    used 1044K, committed 1152K, reserved 1048576K
}
Event: 2.402 GC heap after
{Heap after GC invocations=2 (full 0):
 garbage-first heap   total 59392K, used 4957K [0x00000000c7000000, 0x0000000100000000)
  region size 1024K, 3 young (3072K), 3 survivors (3072K)
 Metaspace       used 8745K, committed 9024K, reserved 1114112K
  class space    used 1044K, committed 1152K, reserved 1048576K
}
Event: 3.885 GC heap before
{Heap before GC invocations=2 (full 0):
 garbage-first heap   total 59392K, used 33629K [0x00000000c7000000, 0x0000000100000000)
  region size 1024K, 31 young (31744K), 3 survivors (3072K)
 Metaspace       used 20156K, committed 20544K, reserved 1114112K
  class space    used 2552K, committed 2752K, reserved 1048576K
}
Event: 3.893 GC heap after
{Heap after GC invocations=3 (full 0):
 garbage-first heap   total 59392K, used 10003K [0x00000000c7000000, 0x0000000100000000)
  region size 1024K, 4 young (4096K), 4 survivors (4096K)
 Metaspace       used 20156K, committed 20544K, reserved 1114112K
  class space    used 2552K, committed 2752K, reserved 1048576K
}
Event: 4.045 GC heap before
{Heap before GC invocations=3 (full 0):
 garbage-first heap   total 59392K, used 15123K [0x00000000c7000000, 0x0000000100000000)
  region size 1024K, 9 young (9216K), 4 survivors (4096K)
 Metaspace       used 21222K, committed 21504K, reserved 1114112K
  class space    used 2714K, committed 2880K, reserved 1048576K
}
Event: 4.050 GC heap after
{Heap after GC invocations=4 (full 0):
 garbage-first heap   total 59392K, used 12860K [0x00000000c7000000, 0x0000000100000000)
  region size 1024K, 1 young (1024K), 1 survivors (1024K)
 Metaspace       used 21222K, committed 21504K, reserved 1114112K
  class space    used 2714K, committed 2880K, reserved 1048576K
}
Event: 4.937 GC heap before
{Heap before GC invocations=5 (full 0):
 garbage-first heap   total 48128K, used 41532K [0x00000000c7000000, 0x0000000100000000)
  region size 1024K, 27 young (27648K), 1 survivors (1024K)
 Metaspace       used 26109K, committed 26496K, reserved 1114112K
  class space    used 3658K, committed 3840K, reserved 1048576K
}
Event: 4.945 GC heap after
{Heap after GC invocations=6 (full 0):
 garbage-first heap   total 48128K, used 16984K [0x00000000c7000000, 0x0000000100000000)
  region size 1024K, 4 young (4096K), 4 survivors (4096K)
 Metaspace       used 26109K, committed 26496K, reserved 1114112K
  class space    used 3658K, committed 3840K, reserved 1048576K
}

